ARM GAS  C:\Users\jisu8\AppData\Local\Temp\cco1sfxW.s 			page 1


   1              		.cpu cortex-m3
   2              		.arch armv7-m
   3              		.fpu softvfp
   4              		.eabi_attribute 20, 1
   5              		.eabi_attribute 21, 1
   6              		.eabi_attribute 23, 3
   7              		.eabi_attribute 24, 1
   8              		.eabi_attribute 25, 1
   9              		.eabi_attribute 26, 1
  10              		.eabi_attribute 30, 6
  11              		.eabi_attribute 34, 1
  12              		.eabi_attribute 18, 4
  13              		.file	"eeprom.c"
  14              		.text
  15              	.Ltext0:
  16              		.cfi_sections	.debug_frame
  17              		.global	switch_submodeEEP
  18              		.section	.bss.switch_submodeEEP,"aw",%nobits
  21              	switch_submodeEEP:
  22 0000 00       		.space	1
  23              		.global	switch_trg_tempEEP
  24              		.section	.bss.switch_trg_tempEEP,"aw",%nobits
  25              		.align	1
  28              	switch_trg_tempEEP:
  29 0000 0000     		.space	2
  30              		.global	switch_trg_timeEEP
  31              		.section	.bss.switch_trg_timeEEP,"aw",%nobits
  32              		.align	1
  35              	switch_trg_timeEEP:
  36 0000 0000     		.space	2
  37              		.global	switch_idle_tempEEP
  38              		.section	.bss.switch_idle_tempEEP,"aw",%nobits
  39              		.align	1
  42              	switch_idle_tempEEP:
  43 0000 0000     		.space	2
  44              		.section	.bss.EEPROM_Write_Counter,"aw",%nobits
  47              	EEPROM_Write_Counter:
  48 0000 00       		.space	1
  49              		.section	.data.EEPROM_Write_Address,"aw"
  50              		.align	2
  53              	EEPROM_Write_Address:
  54 0000 00FC0108 		.word	134347776
  55              		.section	.text.EEPROM_Write,"ax",%progbits
  56              		.align	1
  57              		.global	EEPROM_Write
  58              		.syntax unified
  59              		.thumb
  60              		.thumb_func
  62              	EEPROM_Write:
  63              	.LFB65:
  64              		.file 1 "Core/Src/eeprom.c"
   1:Core/Src/eeprom.c **** #include "eeprom.h"
   2:Core/Src/eeprom.c **** #include "switch.h"
   3:Core/Src/eeprom.c **** 
   4:Core/Src/eeprom.c **** uint8 switch_submodeEEP = 0;
   5:Core/Src/eeprom.c **** sint16 switch_trg_tempEEP = 0;
   6:Core/Src/eeprom.c **** sint16 switch_trg_timeEEP = 0;
ARM GAS  C:\Users\jisu8\AppData\Local\Temp\cco1sfxW.s 			page 2


   7:Core/Src/eeprom.c **** sint16 switch_idle_tempEEP = 0;
   8:Core/Src/eeprom.c **** static uint8 EEPROM_Write_Counter = 0;
   9:Core/Src/eeprom.c **** static uint32 EEPROM_Write_Address = EEPROM_PAGE127_START;
  10:Core/Src/eeprom.c **** 
  11:Core/Src/eeprom.c **** void EEPROM_Write(void)
  12:Core/Src/eeprom.c **** {
  65              		.loc 1 12 1
  66              		.cfi_startproc
  67              		@ args = 0, pretend = 0, frame = 16
  68              		@ frame_needed = 1, uses_anonymous_args = 0
  69 0000 B0B5     		push	{r4, r5, r7, lr}
  70              	.LCFI0:
  71              		.cfi_def_cfa_offset 16
  72              		.cfi_offset 4, -16
  73              		.cfi_offset 5, -12
  74              		.cfi_offset 7, -8
  75              		.cfi_offset 14, -4
  76 0002 84B0     		sub	sp, sp, #16
  77              	.LCFI1:
  78              		.cfi_def_cfa_offset 32
  79 0004 00AF     		add	r7, sp, #0
  80              	.LCFI2:
  81              		.cfi_def_cfa_register 7
  13:Core/Src/eeprom.c ****     uint16 data[8] = {0};
  82              		.loc 1 13 12
  83 0006 3B46     		mov	r3, r7
  84 0008 0022     		movs	r2, #0
  85 000a 1A60     		str	r2, [r3]
  86 000c 5A60     		str	r2, [r3, #4]
  87 000e 9A60     		str	r2, [r3, #8]
  88 0010 DA60     		str	r2, [r3, #12]
  14:Core/Src/eeprom.c ****     data[0] = (uint16)switch_submode;
  89              		.loc 1 14 15
  90 0012 214B     		ldr	r3, .L5
  91 0014 1B78     		ldrb	r3, [r3]	@ zero_extendqisi2
  92 0016 9BB2     		uxth	r3, r3
  93              		.loc 1 14 13
  94 0018 3B80     		strh	r3, [r7]	@ movhi
  15:Core/Src/eeprom.c ****     data[1] = (uint16)switch_trg_temp;
  95              		.loc 1 15 15
  96 001a 204B     		ldr	r3, .L5+4
  97 001c B3F90030 		ldrsh	r3, [r3]
  98 0020 9BB2     		uxth	r3, r3
  99              		.loc 1 15 13
 100 0022 7B80     		strh	r3, [r7, #2]	@ movhi
  16:Core/Src/eeprom.c ****     data[2] = (uint16)switch_trg_time;
 101              		.loc 1 16 15
 102 0024 1E4B     		ldr	r3, .L5+8
 103 0026 B3F90030 		ldrsh	r3, [r3]
 104 002a 9BB2     		uxth	r3, r3
 105              		.loc 1 16 13
 106 002c BB80     		strh	r3, [r7, #4]	@ movhi
  17:Core/Src/eeprom.c ****     data[3] = (uint16)switch_idle_temp;
 107              		.loc 1 17 15
 108 002e 1D4B     		ldr	r3, .L5+12
 109 0030 B3F90030 		ldrsh	r3, [r3]
 110 0034 9BB2     		uxth	r3, r3
ARM GAS  C:\Users\jisu8\AppData\Local\Temp\cco1sfxW.s 			page 3


 111              		.loc 1 17 13
 112 0036 FB80     		strh	r3, [r7, #6]	@ movhi
  18:Core/Src/eeprom.c ****     /* Unlock to control */
  19:Core/Src/eeprom.c ****     HAL_FLASH_Unlock();
 113              		.loc 1 19 5
 114 0038 FFF7FEFF 		bl	HAL_FLASH_Unlock
  20:Core/Src/eeprom.c **** 
  21:Core/Src/eeprom.c ****     /* Writing data to flash memory */
  22:Core/Src/eeprom.c ****     HAL_FLASH_Program(FLASH_TYPEPROGRAM_HALFWORD, EEPROM_Write_Address, data[EEPROM_Write_Counter])
 115              		.loc 1 22 5
 116 003c 1A4B     		ldr	r3, .L5+16
 117 003e 1968     		ldr	r1, [r3]
 118              		.loc 1 22 77
 119 0040 1A4B     		ldr	r3, .L5+20
 120 0042 1B78     		ldrb	r3, [r3]	@ zero_extendqisi2
 121 0044 5B00     		lsls	r3, r3, #1
 122 0046 1033     		adds	r3, r3, #16
 123 0048 3B44     		add	r3, r3, r7
 124 004a 33F8103C 		ldrh	r3, [r3, #-16]
 125              		.loc 1 22 5
 126 004e 9BB2     		uxth	r3, r3
 127 0050 0022     		movs	r2, #0
 128 0052 1C46     		mov	r4, r3
 129 0054 1546     		mov	r5, r2
 130 0056 2246     		mov	r2, r4
 131 0058 2B46     		mov	r3, r5
 132 005a 0120     		movs	r0, #1
 133 005c FFF7FEFF 		bl	HAL_FLASH_Program
  23:Core/Src/eeprom.c ****     EEPROM_Write_Address += 0x02;
 134              		.loc 1 23 26
 135 0060 114B     		ldr	r3, .L5+16
 136 0062 1B68     		ldr	r3, [r3]
 137 0064 0233     		adds	r3, r3, #2
 138 0066 104A     		ldr	r2, .L5+16
 139 0068 1360     		str	r3, [r2]
  24:Core/Src/eeprom.c **** 
  25:Core/Src/eeprom.c ****     /* Lock flash control register */
  26:Core/Src/eeprom.c ****     HAL_FLASH_Lock();
 140              		.loc 1 26 5
 141 006a FFF7FEFF 		bl	HAL_FLASH_Lock
  27:Core/Src/eeprom.c ****     EEPROM_Write_Counter++;
 142              		.loc 1 27 25
 143 006e 0F4B     		ldr	r3, .L5+20
 144 0070 1B78     		ldrb	r3, [r3]	@ zero_extendqisi2
 145 0072 0133     		adds	r3, r3, #1
 146 0074 DAB2     		uxtb	r2, r3
 147 0076 0D4B     		ldr	r3, .L5+20
 148 0078 1A70     		strb	r2, [r3]
  28:Core/Src/eeprom.c ****     if(EEPROM_Write_Counter>7)
 149              		.loc 1 28 28
 150 007a 0C4B     		ldr	r3, .L5+20
 151 007c 1B78     		ldrb	r3, [r3]	@ zero_extendqisi2
 152              		.loc 1 28 7
 153 007e 072B     		cmp	r3, #7
 154 0080 06D9     		bls	.L4
  29:Core/Src/eeprom.c ****     {
  30:Core/Src/eeprom.c ****         EEPROM_Write_Counter = 0;
ARM GAS  C:\Users\jisu8\AppData\Local\Temp\cco1sfxW.s 			page 4


 155              		.loc 1 30 30
 156 0082 0A4B     		ldr	r3, .L5+20
 157 0084 0022     		movs	r2, #0
 158 0086 1A70     		strb	r2, [r3]
  31:Core/Src/eeprom.c ****         EEPROM_Write_Address = EEPROM_PAGE127_START;
 159              		.loc 1 31 30
 160 0088 074B     		ldr	r3, .L5+16
 161 008a 094A     		ldr	r2, .L5+24
 162 008c 1A60     		str	r2, [r3]
  32:Core/Src/eeprom.c ****     }
  33:Core/Src/eeprom.c **** 
  34:Core/Src/eeprom.c ****     return HAL_OK;
 163              		.loc 1 34 12
 164 008e 00BF     		nop
 165              	.L4:
 166 0090 00BF     		nop
  35:Core/Src/eeprom.c **** }
 167              		.loc 1 35 1
 168 0092 1037     		adds	r7, r7, #16
 169              	.LCFI3:
 170              		.cfi_def_cfa_offset 16
 171 0094 BD46     		mov	sp, r7
 172              	.LCFI4:
 173              		.cfi_def_cfa_register 13
 174              		@ sp needed
 175 0096 B0BD     		pop	{r4, r5, r7, pc}
 176              	.L6:
 177              		.align	2
 178              	.L5:
 179 0098 00000000 		.word	switch_submode
 180 009c 00000000 		.word	switch_trg_temp
 181 00a0 00000000 		.word	switch_trg_time
 182 00a4 00000000 		.word	switch_idle_temp
 183 00a8 00000000 		.word	EEPROM_Write_Address
 184 00ac 00000000 		.word	EEPROM_Write_Counter
 185 00b0 00FC0108 		.word	134347776
 186              		.cfi_endproc
 187              	.LFE65:
 189              		.section	.text.EEPROM_Read,"ax",%progbits
 190              		.align	1
 191              		.global	EEPROM_Read
 192              		.syntax unified
 193              		.thumb
 194              		.thumb_func
 196              	EEPROM_Read:
 197              	.LFB66:
  36:Core/Src/eeprom.c **** void EEPROM_Read(void)
  37:Core/Src/eeprom.c **** {
 198              		.loc 1 37 1
 199              		.cfi_startproc
 200              		@ args = 0, pretend = 0, frame = 24
 201              		@ frame_needed = 1, uses_anonymous_args = 0
 202              		@ link register save eliminated.
 203 0000 80B4     		push	{r7}
 204              	.LCFI5:
 205              		.cfi_def_cfa_offset 4
 206              		.cfi_offset 7, -4
ARM GAS  C:\Users\jisu8\AppData\Local\Temp\cco1sfxW.s 			page 5


 207 0002 87B0     		sub	sp, sp, #28
 208              	.LCFI6:
 209              		.cfi_def_cfa_offset 32
 210 0004 00AF     		add	r7, sp, #0
 211              	.LCFI7:
 212              		.cfi_def_cfa_register 7
  38:Core/Src/eeprom.c ****     uint16 data[8] = {0,};
 213              		.loc 1 38 12
 214 0006 3B1D     		adds	r3, r7, #4
 215 0008 0022     		movs	r2, #0
 216 000a 1A60     		str	r2, [r3]
 217 000c 5A60     		str	r2, [r3, #4]
 218 000e 9A60     		str	r2, [r3, #8]
 219 0010 DA60     		str	r2, [r3, #12]
 220              	.LBB2:
  39:Core/Src/eeprom.c ****     for(uint8 i = 0; i<8;i++)
 221              		.loc 1 39 15
 222 0012 0023     		movs	r3, #0
 223 0014 FB75     		strb	r3, [r7, #23]
 224              		.loc 1 39 5
 225 0016 10E0     		b	.L8
 226              	.L9:
  40:Core/Src/eeprom.c ****     {
  41:Core/Src/eeprom.c ****        data[i] = *(uint32*)(EEPROM_PAGE127_START+(i*2));
 227              		.loc 1 41 52 discriminator 3
 228 0018 FB7D     		ldrb	r3, [r7, #23]	@ zero_extendqisi2
 229 001a 5B00     		lsls	r3, r3, #1
 230              		.loc 1 41 49 discriminator 3
 231 001c 03F10063 		add	r3, r3, #134217728
 232 0020 03F5FE33 		add	r3, r3, #130048
 233              		.loc 1 41 18 discriminator 3
 234 0024 1A68     		ldr	r2, [r3]
 235              		.loc 1 41 12 discriminator 3
 236 0026 FB7D     		ldrb	r3, [r7, #23]	@ zero_extendqisi2
 237              		.loc 1 41 16 discriminator 3
 238 0028 92B2     		uxth	r2, r2
 239 002a 5B00     		lsls	r3, r3, #1
 240 002c 1833     		adds	r3, r3, #24
 241 002e 3B44     		add	r3, r3, r7
 242 0030 23F8142C 		strh	r2, [r3, #-20]	@ movhi
  39:Core/Src/eeprom.c ****     for(uint8 i = 0; i<8;i++)
 243              		.loc 1 39 27 discriminator 3
 244 0034 FB7D     		ldrb	r3, [r7, #23]	@ zero_extendqisi2
 245 0036 0133     		adds	r3, r3, #1
 246 0038 FB75     		strb	r3, [r7, #23]
 247              	.L8:
  39:Core/Src/eeprom.c ****     for(uint8 i = 0; i<8;i++)
 248              		.loc 1 39 5 discriminator 1
 249 003a FB7D     		ldrb	r3, [r7, #23]	@ zero_extendqisi2
 250 003c 072B     		cmp	r3, #7
 251 003e EBD9     		bls	.L9
 252              	.LBE2:
  42:Core/Src/eeprom.c ****     }
  43:Core/Src/eeprom.c ****     
  44:Core/Src/eeprom.c ****     switch_submodeEEP = (uint8)data[0];
 253              		.loc 1 44 36
 254 0040 BB88     		ldrh	r3, [r7, #4]
ARM GAS  C:\Users\jisu8\AppData\Local\Temp\cco1sfxW.s 			page 6


 255              		.loc 1 44 25
 256 0042 DAB2     		uxtb	r2, r3
 257              		.loc 1 44 23
 258 0044 094B     		ldr	r3, .L10
 259 0046 1A70     		strb	r2, [r3]
  45:Core/Src/eeprom.c ****     switch_trg_tempEEP = (sint16)data[1]; 
 260              		.loc 1 45 38
 261 0048 FB88     		ldrh	r3, [r7, #6]
 262              		.loc 1 45 26
 263 004a 1AB2     		sxth	r2, r3
 264              		.loc 1 45 24
 265 004c 084B     		ldr	r3, .L10+4
 266 004e 1A80     		strh	r2, [r3]	@ movhi
  46:Core/Src/eeprom.c ****     switch_trg_timeEEP = (sint16)data[2];
 267              		.loc 1 46 38
 268 0050 3B89     		ldrh	r3, [r7, #8]
 269              		.loc 1 46 26
 270 0052 1AB2     		sxth	r2, r3
 271              		.loc 1 46 24
 272 0054 074B     		ldr	r3, .L10+8
 273 0056 1A80     		strh	r2, [r3]	@ movhi
  47:Core/Src/eeprom.c ****     switch_idle_tempEEP = (sint16)data[3]; 
 274              		.loc 1 47 39
 275 0058 7B89     		ldrh	r3, [r7, #10]
 276              		.loc 1 47 27
 277 005a 1AB2     		sxth	r2, r3
 278              		.loc 1 47 25
 279 005c 064B     		ldr	r3, .L10+12
 280 005e 1A80     		strh	r2, [r3]	@ movhi
  48:Core/Src/eeprom.c **** }
 281              		.loc 1 48 1
 282 0060 00BF     		nop
 283 0062 1C37     		adds	r7, r7, #28
 284              	.LCFI8:
 285              		.cfi_def_cfa_offset 4
 286 0064 BD46     		mov	sp, r7
 287              	.LCFI9:
 288              		.cfi_def_cfa_register 13
 289              		@ sp needed
 290 0066 80BC     		pop	{r7}
 291              	.LCFI10:
 292              		.cfi_restore 7
 293              		.cfi_def_cfa_offset 0
 294 0068 7047     		bx	lr
 295              	.L11:
 296 006a 00BF     		.align	2
 297              	.L10:
 298 006c 00000000 		.word	switch_submodeEEP
 299 0070 00000000 		.word	switch_trg_tempEEP
 300 0074 00000000 		.word	switch_trg_timeEEP
 301 0078 00000000 		.word	switch_idle_tempEEP
 302              		.cfi_endproc
 303              	.LFE66:
 305              		.section	.text.EEPROM_Erase,"ax",%progbits
 306              		.align	1
 307              		.global	EEPROM_Erase
 308              		.syntax unified
ARM GAS  C:\Users\jisu8\AppData\Local\Temp\cco1sfxW.s 			page 7


 309              		.thumb
 310              		.thumb_func
 312              	EEPROM_Erase:
 313              	.LFB67:
  49:Core/Src/eeprom.c **** 
  50:Core/Src/eeprom.c **** void EEPROM_Erase(void)
  51:Core/Src/eeprom.c **** {
 314              		.loc 1 51 1
 315              		.cfi_startproc
 316              		@ args = 0, pretend = 0, frame = 32
 317              		@ frame_needed = 1, uses_anonymous_args = 0
 318 0000 80B5     		push	{r7, lr}
 319              	.LCFI11:
 320              		.cfi_def_cfa_offset 8
 321              		.cfi_offset 7, -8
 322              		.cfi_offset 14, -4
 323 0002 88B0     		sub	sp, sp, #32
 324              	.LCFI12:
 325              		.cfi_def_cfa_offset 40
 326 0004 00AF     		add	r7, sp, #0
 327              	.LCFI13:
 328              		.cfi_def_cfa_register 7
  52:Core/Src/eeprom.c ****     uint32_t SectorError = 0;
 329              		.loc 1 52 14
 330 0006 0023     		movs	r3, #0
 331 0008 3B61     		str	r3, [r7, #16]
  53:Core/Src/eeprom.c ****     
  54:Core/Src/eeprom.c ****     /* Unlock to control */
  55:Core/Src/eeprom.c ****     HAL_FLASH_Unlock();
 332              		.loc 1 55 5
 333 000a FFF7FEFF 		bl	HAL_FLASH_Unlock
  56:Core/Src/eeprom.c ****     
  57:Core/Src/eeprom.c ****     /* Calculate sector index */
  58:Core/Src/eeprom.c ****     uint32_t UserAddress = EEPROM_PAGE127_START;
 334              		.loc 1 58 14
 335 000e 0F4B     		ldr	r3, .L16
 336 0010 FB61     		str	r3, [r7, #28]
  59:Core/Src/eeprom.c ****     uint32_t NbOfSectors = 1;
 337              		.loc 1 59 14
 338 0012 0123     		movs	r3, #1
 339 0014 BB61     		str	r3, [r7, #24]
  60:Core/Src/eeprom.c ****     
  61:Core/Src/eeprom.c ****     /* Erase sectors */
  62:Core/Src/eeprom.c ****     FLASH_EraseInitTypeDef EraseInitStruct;
  63:Core/Src/eeprom.c ****     EraseInitStruct.TypeErase = FLASH_TYPEERASE_PAGES;
 340              		.loc 1 63 31
 341 0016 0023     		movs	r3, #0
 342 0018 3B60     		str	r3, [r7]
  64:Core/Src/eeprom.c ****     EraseInitStruct.PageAddress = UserAddress;
 343              		.loc 1 64 33
 344 001a FB69     		ldr	r3, [r7, #28]
 345 001c BB60     		str	r3, [r7, #8]
  65:Core/Src/eeprom.c ****     EraseInitStruct.NbPages = NbOfSectors;
 346              		.loc 1 65 29
 347 001e BB69     		ldr	r3, [r7, #24]
 348 0020 FB60     		str	r3, [r7, #12]
  66:Core/Src/eeprom.c ****     
ARM GAS  C:\Users\jisu8\AppData\Local\Temp\cco1sfxW.s 			page 8


  67:Core/Src/eeprom.c ****     if(HAL_FLASHEx_Erase(&EraseInitStruct, &SectorError) != HAL_OK)
 349              		.loc 1 67 8
 350 0022 07F11002 		add	r2, r7, #16
 351 0026 3B46     		mov	r3, r7
 352 0028 1146     		mov	r1, r2
 353 002a 1846     		mov	r0, r3
 354 002c FFF7FEFF 		bl	HAL_FLASHEx_Erase
 355 0030 0346     		mov	r3, r0
 356              		.loc 1 67 7
 357 0032 002B     		cmp	r3, #0
 358 0034 03D0     		beq	.L13
 359              	.LBB3:
  68:Core/Src/eeprom.c ****     { 
  69:Core/Src/eeprom.c ****         uint32_t errorcode = HAL_FLASH_GetError();            
 360              		.loc 1 69 30
 361 0036 FFF7FEFF 		bl	HAL_FLASH_GetError
 362 003a 7861     		str	r0, [r7, #20]
  70:Core/Src/eeprom.c ****         return HAL_ERROR;
 363              		.loc 1 70 16
 364 003c 02E0     		b	.L12
 365              	.L13:
 366              	.LBE3:
  71:Core/Src/eeprom.c ****     }
  72:Core/Src/eeprom.c ****     
  73:Core/Src/eeprom.c ****     /* Lock flash control register */
  74:Core/Src/eeprom.c ****     HAL_FLASH_Lock();
 367              		.loc 1 74 5
 368 003e FFF7FEFF 		bl	HAL_FLASH_Lock
  75:Core/Src/eeprom.c ****     
  76:Core/Src/eeprom.c ****     return HAL_OK;   
 369              		.loc 1 76 12
 370 0042 00BF     		nop
 371              	.L12:
  77:Core/Src/eeprom.c **** }
 372              		.loc 1 77 1
 373 0044 2037     		adds	r7, r7, #32
 374              	.LCFI14:
 375              		.cfi_def_cfa_offset 8
 376 0046 BD46     		mov	sp, r7
 377              	.LCFI15:
 378              		.cfi_def_cfa_register 13
 379              		@ sp needed
 380 0048 80BD     		pop	{r7, pc}
 381              	.L17:
 382 004a 00BF     		.align	2
 383              	.L16:
 384 004c 00FC0108 		.word	134347776
 385              		.cfi_endproc
 386              	.LFE67:
 388              		.text
 389              	.Letext0:
 390              		.file 2 "d:\\3.tools\\arm_gcc_toolchain\\arm-none-eabi\\include\\machine\\_default_types.h"
 391              		.file 3 "d:\\3.tools\\arm_gcc_toolchain\\arm-none-eabi\\include\\sys\\_stdint.h"
 392              		.file 4 "Drivers/STM32F1xx_HAL_Driver/Inc/stm32f1xx_hal_flash_ex.h"
 393              		.file 5 "Core/Inc/vardef.h"
 394              		.file 6 "Core/Inc/eeprom.h"
 395              		.file 7 "Core/Inc/switch.h"
ARM GAS  C:\Users\jisu8\AppData\Local\Temp\cco1sfxW.s 			page 9


 396              		.file 8 "Drivers/STM32F1xx_HAL_Driver/Inc/stm32f1xx_hal_def.h"
ARM GAS  C:\Users\jisu8\AppData\Local\Temp\cco1sfxW.s 			page 10


DEFINED SYMBOLS
                            *ABS*:00000000 eeprom.c
C:\Users\jisu8\AppData\Local\Temp\cco1sfxW.s:21     .bss.switch_submodeEEP:00000000 switch_submodeEEP
C:\Users\jisu8\AppData\Local\Temp\cco1sfxW.s:22     .bss.switch_submodeEEP:00000000 $d
C:\Users\jisu8\AppData\Local\Temp\cco1sfxW.s:28     .bss.switch_trg_tempEEP:00000000 switch_trg_tempEEP
C:\Users\jisu8\AppData\Local\Temp\cco1sfxW.s:25     .bss.switch_trg_tempEEP:00000000 $d
C:\Users\jisu8\AppData\Local\Temp\cco1sfxW.s:35     .bss.switch_trg_timeEEP:00000000 switch_trg_timeEEP
C:\Users\jisu8\AppData\Local\Temp\cco1sfxW.s:32     .bss.switch_trg_timeEEP:00000000 $d
C:\Users\jisu8\AppData\Local\Temp\cco1sfxW.s:42     .bss.switch_idle_tempEEP:00000000 switch_idle_tempEEP
C:\Users\jisu8\AppData\Local\Temp\cco1sfxW.s:39     .bss.switch_idle_tempEEP:00000000 $d
C:\Users\jisu8\AppData\Local\Temp\cco1sfxW.s:47     .bss.EEPROM_Write_Counter:00000000 EEPROM_Write_Counter
C:\Users\jisu8\AppData\Local\Temp\cco1sfxW.s:48     .bss.EEPROM_Write_Counter:00000000 $d
C:\Users\jisu8\AppData\Local\Temp\cco1sfxW.s:50     .data.EEPROM_Write_Address:00000000 $d
C:\Users\jisu8\AppData\Local\Temp\cco1sfxW.s:53     .data.EEPROM_Write_Address:00000000 EEPROM_Write_Address
C:\Users\jisu8\AppData\Local\Temp\cco1sfxW.s:56     .text.EEPROM_Write:00000000 $t
C:\Users\jisu8\AppData\Local\Temp\cco1sfxW.s:62     .text.EEPROM_Write:00000000 EEPROM_Write
C:\Users\jisu8\AppData\Local\Temp\cco1sfxW.s:179    .text.EEPROM_Write:00000098 $d
C:\Users\jisu8\AppData\Local\Temp\cco1sfxW.s:190    .text.EEPROM_Read:00000000 $t
C:\Users\jisu8\AppData\Local\Temp\cco1sfxW.s:196    .text.EEPROM_Read:00000000 EEPROM_Read
C:\Users\jisu8\AppData\Local\Temp\cco1sfxW.s:298    .text.EEPROM_Read:0000006c $d
C:\Users\jisu8\AppData\Local\Temp\cco1sfxW.s:306    .text.EEPROM_Erase:00000000 $t
C:\Users\jisu8\AppData\Local\Temp\cco1sfxW.s:312    .text.EEPROM_Erase:00000000 EEPROM_Erase
C:\Users\jisu8\AppData\Local\Temp\cco1sfxW.s:384    .text.EEPROM_Erase:0000004c $d

UNDEFINED SYMBOLS
HAL_FLASH_Unlock
HAL_FLASH_Program
HAL_FLASH_Lock
switch_submode
switch_trg_temp
switch_trg_time
switch_idle_temp
HAL_FLASHEx_Erase
HAL_FLASH_GetError
