ARM GAS  C:\Users\jisu8\AppData\Local\Temp\ccj1pkHL.s 			page 1


   1              		.cpu cortex-m3
   2              		.arch armv7-m
   3              		.fpu softvfp
   4              		.eabi_attribute 20, 1
   5              		.eabi_attribute 21, 1
   6              		.eabi_attribute 23, 3
   7              		.eabi_attribute 24, 1
   8              		.eabi_attribute 25, 1
   9              		.eabi_attribute 26, 1
  10              		.eabi_attribute 30, 1
  11              		.eabi_attribute 34, 1
  12              		.eabi_attribute 18, 4
  13              		.file	"stm32f1xx_it.c"
  14              		.text
  15              	.Ltext0:
  16              		.cfi_sections	.debug_frame
  17              		.section	.text.HAL_TIM_PeriodElapsedCallback,"ax",%progbits
  18              		.align	1
  19              		.global	HAL_TIM_PeriodElapsedCallback
  20              		.syntax unified
  21              		.thumb
  22              		.thumb_func
  24              	HAL_TIM_PeriodElapsedCallback:
  25              	.LVL0:
  26              	.LFB65:
  27              		.file 1 "Core/Src/stm32f1xx_it.c"
   1:Core/Src/stm32f1xx_it.c **** /* USER CODE BEGIN Header */
   2:Core/Src/stm32f1xx_it.c **** /**
   3:Core/Src/stm32f1xx_it.c ****   ******************************************************************************
   4:Core/Src/stm32f1xx_it.c ****   * @file    stm32f1xx_it.c
   5:Core/Src/stm32f1xx_it.c ****   * @brief   Interrupt Service Routines.
   6:Core/Src/stm32f1xx_it.c ****   ******************************************************************************
   7:Core/Src/stm32f1xx_it.c ****   * @attention
   8:Core/Src/stm32f1xx_it.c ****   *
   9:Core/Src/stm32f1xx_it.c ****   * <h2><center>&copy; Copyright (c) 2021 STMicroelectronics.
  10:Core/Src/stm32f1xx_it.c ****   * All rights reserved.</center></h2>
  11:Core/Src/stm32f1xx_it.c ****   *
  12:Core/Src/stm32f1xx_it.c ****   * This software component is licensed by ST under BSD 3-Clause license,
  13:Core/Src/stm32f1xx_it.c ****   * the "License"; You may not use this file except in compliance with the
  14:Core/Src/stm32f1xx_it.c ****   * License. You may obtain a copy of the License at:
  15:Core/Src/stm32f1xx_it.c ****   *                        opensource.org/licenses/BSD-3-Clause
  16:Core/Src/stm32f1xx_it.c ****   *
  17:Core/Src/stm32f1xx_it.c ****   ******************************************************************************
  18:Core/Src/stm32f1xx_it.c ****   */
  19:Core/Src/stm32f1xx_it.c **** /* USER CODE END Header */
  20:Core/Src/stm32f1xx_it.c **** 
  21:Core/Src/stm32f1xx_it.c **** /* Includes ------------------------------------------------------------------*/
  22:Core/Src/stm32f1xx_it.c **** #include "main.h"
  23:Core/Src/stm32f1xx_it.c **** #include "stm32f1xx_it.h"
  24:Core/Src/stm32f1xx_it.c **** #include "os.h"
  25:Core/Src/stm32f1xx_it.c **** /* Private includes ----------------------------------------------------------*/
  26:Core/Src/stm32f1xx_it.c **** /* USER CODE BEGIN Includes */
  27:Core/Src/stm32f1xx_it.c **** /* USER CODE END Includes */
  28:Core/Src/stm32f1xx_it.c **** 
  29:Core/Src/stm32f1xx_it.c **** /* Private typedef -----------------------------------------------------------*/
  30:Core/Src/stm32f1xx_it.c **** /* USER CODE BEGIN TD */
  31:Core/Src/stm32f1xx_it.c **** 
ARM GAS  C:\Users\jisu8\AppData\Local\Temp\ccj1pkHL.s 			page 2


  32:Core/Src/stm32f1xx_it.c **** /* USER CODE END TD */
  33:Core/Src/stm32f1xx_it.c **** 
  34:Core/Src/stm32f1xx_it.c **** /* Private define ------------------------------------------------------------*/
  35:Core/Src/stm32f1xx_it.c **** /* USER CODE BEGIN PD */
  36:Core/Src/stm32f1xx_it.c **** 
  37:Core/Src/stm32f1xx_it.c **** /* USER CODE END PD */
  38:Core/Src/stm32f1xx_it.c **** 
  39:Core/Src/stm32f1xx_it.c **** /* Private macro -------------------------------------------------------------*/
  40:Core/Src/stm32f1xx_it.c **** /* USER CODE BEGIN PM */
  41:Core/Src/stm32f1xx_it.c **** 
  42:Core/Src/stm32f1xx_it.c **** /* USER CODE END PM */
  43:Core/Src/stm32f1xx_it.c **** 
  44:Core/Src/stm32f1xx_it.c **** /* Private variables ---------------------------------------------------------*/
  45:Core/Src/stm32f1xx_it.c **** /* USER CODE BEGIN PV */
  46:Core/Src/stm32f1xx_it.c **** 
  47:Core/Src/stm32f1xx_it.c **** /* USER CODE END PV */
  48:Core/Src/stm32f1xx_it.c **** 
  49:Core/Src/stm32f1xx_it.c **** /* Private function prototypes -----------------------------------------------*/
  50:Core/Src/stm32f1xx_it.c **** /* USER CODE BEGIN PFP */
  51:Core/Src/stm32f1xx_it.c **** 
  52:Core/Src/stm32f1xx_it.c **** /* USER CODE END PFP */
  53:Core/Src/stm32f1xx_it.c **** 
  54:Core/Src/stm32f1xx_it.c **** /* Private user code ---------------------------------------------------------*/
  55:Core/Src/stm32f1xx_it.c **** /* USER CODE BEGIN 0 */
  56:Core/Src/stm32f1xx_it.c **** 
  57:Core/Src/stm32f1xx_it.c **** /* USER CODE END 0 */
  58:Core/Src/stm32f1xx_it.c **** 
  59:Core/Src/stm32f1xx_it.c **** /* External variables --------------------------------------------------------*/
  60:Core/Src/stm32f1xx_it.c **** 
  61:Core/Src/stm32f1xx_it.c **** /* USER CODE BEGIN EV */
  62:Core/Src/stm32f1xx_it.c **** 
  63:Core/Src/stm32f1xx_it.c **** /* USER CODE END EV */
  64:Core/Src/stm32f1xx_it.c **** 
  65:Core/Src/stm32f1xx_it.c **** 
  66:Core/Src/stm32f1xx_it.c **** /******************************************************************************/
  67:Core/Src/stm32f1xx_it.c **** /* STM32F1xx Peripheral Interrupt Handlers                                    */
  68:Core/Src/stm32f1xx_it.c **** /* Add here the Interrupt Handlers for the used peripherals.                  */
  69:Core/Src/stm32f1xx_it.c **** /* For the available peripheral interrupt handler names,                      */
  70:Core/Src/stm32f1xx_it.c **** /* please refer to the startup file (startup_stm32f1xx.s).                    */
  71:Core/Src/stm32f1xx_it.c **** /******************************************************************************/
  72:Core/Src/stm32f1xx_it.c **** 
  73:Core/Src/stm32f1xx_it.c **** /* USER CODE BEGIN 1 */
  74:Core/Src/stm32f1xx_it.c **** 
  75:Core/Src/stm32f1xx_it.c **** /* USER CODE BEGIN 1 */
  76:Core/Src/stm32f1xx_it.c **** void HAL_TIM_PeriodElapsedCallback(TIM_HandleTypeDef *htim)
  77:Core/Src/stm32f1xx_it.c **** {
  28              		.loc 1 77 1 view -0
  29              		.cfi_startproc
  30              		@ args = 0, pretend = 0, frame = 0
  31              		@ frame_needed = 0, uses_anonymous_args = 0
  32              		.loc 1 77 1 is_stmt 0 view .LVU1
  33 0000 10B5     		push	{r4, lr}
  34              	.LCFI0:
  35              		.cfi_def_cfa_offset 8
  36              		.cfi_offset 4, -8
  37              		.cfi_offset 14, -4
  38 0002 0446     		mov	r4, r0
ARM GAS  C:\Users\jisu8\AppData\Local\Temp\ccj1pkHL.s 			page 3


  78:Core/Src/stm32f1xx_it.c ****     if(htim->Instance == TIM2)
  39              		.loc 1 78 5 is_stmt 1 view .LVU2
  40              		.loc 1 78 12 is_stmt 0 view .LVU3
  41 0004 0368     		ldr	r3, [r0]
  42              		.loc 1 78 7 view .LVU4
  43 0006 B3F1804F 		cmp	r3, #1073741824
  44 000a 04D0     		beq	.L5
  45              	.LVL1:
  46              	.L2:
  79:Core/Src/stm32f1xx_it.c ****     {
  80:Core/Src/stm32f1xx_it.c ****         Os_Handler_10ms();
  81:Core/Src/stm32f1xx_it.c ****     }
  82:Core/Src/stm32f1xx_it.c ****     if(htim->Instance == TIM4)
  47              		.loc 1 82 5 is_stmt 1 view .LVU5
  48              		.loc 1 82 12 is_stmt 0 view .LVU6
  49 000c 2268     		ldr	r2, [r4]
  50              		.loc 1 82 7 view .LVU7
  51 000e 054B     		ldr	r3, .L7
  52 0010 9A42     		cmp	r2, r3
  53 0012 03D0     		beq	.L6
  54              	.L1:
  83:Core/Src/stm32f1xx_it.c ****     {
  84:Core/Src/stm32f1xx_it.c ****         Os_Time_Handler();
  85:Core/Src/stm32f1xx_it.c ****     }
  86:Core/Src/stm32f1xx_it.c **** }
  55              		.loc 1 86 1 view .LVU8
  56 0014 10BD     		pop	{r4, pc}
  57              	.LVL2:
  58              	.L5:
  80:Core/Src/stm32f1xx_it.c ****     }
  59              		.loc 1 80 9 is_stmt 1 view .LVU9
  60 0016 FFF7FEFF 		bl	Os_Handler_10ms
  61              	.LVL3:
  80:Core/Src/stm32f1xx_it.c ****     }
  62              		.loc 1 80 9 is_stmt 0 view .LVU10
  63 001a F7E7     		b	.L2
  64              	.L6:
  84:Core/Src/stm32f1xx_it.c ****     }
  65              		.loc 1 84 9 is_stmt 1 view .LVU11
  66 001c FFF7FEFF 		bl	Os_Time_Handler
  67              	.LVL4:
  68              		.loc 1 86 1 is_stmt 0 view .LVU12
  69 0020 F8E7     		b	.L1
  70              	.L8:
  71 0022 00BF     		.align	2
  72              	.L7:
  73 0024 00080040 		.word	1073743872
  74              		.cfi_endproc
  75              	.LFE65:
  77              		.text
  78              	.Letext0:
  79              		.file 2 "d:\\3.tools\\arm_gcc_toolchain\\arm-none-eabi\\include\\machine\\_default_types.h"
  80              		.file 3 "d:\\3.tools\\arm_gcc_toolchain\\arm-none-eabi\\include\\sys\\_stdint.h"
  81              		.file 4 "Drivers/CMSIS/Device/ST/STM32F1xx/Include/stm32f103xb.h"
  82              		.file 5 "Drivers/STM32F1xx_HAL_Driver/Inc/stm32f1xx_hal_def.h"
  83              		.file 6 "Drivers/STM32F1xx_HAL_Driver/Inc/stm32f1xx_hal_dma.h"
  84              		.file 7 "Drivers/STM32F1xx_HAL_Driver/Inc/stm32f1xx_hal_tim.h"
ARM GAS  C:\Users\jisu8\AppData\Local\Temp\ccj1pkHL.s 			page 4


  85              		.file 8 "Core/Inc/os.h"
ARM GAS  C:\Users\jisu8\AppData\Local\Temp\ccj1pkHL.s 			page 5


DEFINED SYMBOLS
                            *ABS*:00000000 stm32f1xx_it.c
C:\Users\jisu8\AppData\Local\Temp\ccj1pkHL.s:18     .text.HAL_TIM_PeriodElapsedCallback:00000000 $t
C:\Users\jisu8\AppData\Local\Temp\ccj1pkHL.s:24     .text.HAL_TIM_PeriodElapsedCallback:00000000 HAL_TIM_PeriodElapsedCallback
C:\Users\jisu8\AppData\Local\Temp\ccj1pkHL.s:73     .text.HAL_TIM_PeriodElapsedCallback:00000024 $d

UNDEFINED SYMBOLS
Os_Handler_10ms
Os_Time_Handler
